<?xml version="1.0" encoding="UTF-8"?>
<testsuite name="cl.uchile.dcc.cc3002.ScrabbleProyect.AST.AstTest" tests="40" skipped="0" failures="0" errors="0" timestamp="2021-06-16T22:24:09" hostname="LAPTOP-DE-NICO-" time="0.189">
  <properties/>
  <testcase name="repetition 1 of 40" classname="cl.uchile.dcc.cc3002.ScrabbleProyect.AST.AstTest" time="0.039"/>
  <testcase name="repetition 2 of 40" classname="cl.uchile.dcc.cc3002.ScrabbleProyect.AST.AstTest" time="0.006"/>
  <testcase name="repetition 3 of 40" classname="cl.uchile.dcc.cc3002.ScrabbleProyect.AST.AstTest" time="0.012"/>
  <testcase name="repetition 4 of 40" classname="cl.uchile.dcc.cc3002.ScrabbleProyect.AST.AstTest" time="0.016"/>
  <testcase name="repetition 5 of 40" classname="cl.uchile.dcc.cc3002.ScrabbleProyect.AST.AstTest" time="0.013"/>
  <testcase name="repetition 6 of 40" classname="cl.uchile.dcc.cc3002.ScrabbleProyect.AST.AstTest" time="0.009"/>
  <testcase name="repetition 7 of 40" classname="cl.uchile.dcc.cc3002.ScrabbleProyect.AST.AstTest" time="0.004"/>
  <testcase name="repetition 8 of 40" classname="cl.uchile.dcc.cc3002.ScrabbleProyect.AST.AstTest" time="0.002"/>
  <testcase name="repetition 9 of 40" classname="cl.uchile.dcc.cc3002.ScrabbleProyect.AST.AstTest" time="0.002"/>
  <testcase name="repetition 10 of 40" classname="cl.uchile.dcc.cc3002.ScrabbleProyect.AST.AstTest" time="0.001"/>
  <testcase name="repetition 11 of 40" classname="cl.uchile.dcc.cc3002.ScrabbleProyect.AST.AstTest" time="0.002"/>
  <testcase name="repetition 12 of 40" classname="cl.uchile.dcc.cc3002.ScrabbleProyect.AST.AstTest" time="0.001"/>
  <testcase name="repetition 13 of 40" classname="cl.uchile.dcc.cc3002.ScrabbleProyect.AST.AstTest" time="0.002"/>
  <testcase name="repetition 14 of 40" classname="cl.uchile.dcc.cc3002.ScrabbleProyect.AST.AstTest" time="0.001"/>
  <testcase name="repetition 15 of 40" classname="cl.uchile.dcc.cc3002.ScrabbleProyect.AST.AstTest" time="0.002"/>
  <testcase name="repetition 16 of 40" classname="cl.uchile.dcc.cc3002.ScrabbleProyect.AST.AstTest" time="0.002"/>
  <testcase name="repetition 17 of 40" classname="cl.uchile.dcc.cc3002.ScrabbleProyect.AST.AstTest" time="0.001"/>
  <testcase name="repetition 18 of 40" classname="cl.uchile.dcc.cc3002.ScrabbleProyect.AST.AstTest" time="0.001"/>
  <testcase name="repetition 19 of 40" classname="cl.uchile.dcc.cc3002.ScrabbleProyect.AST.AstTest" time="0.001"/>
  <testcase name="repetition 20 of 40" classname="cl.uchile.dcc.cc3002.ScrabbleProyect.AST.AstTest" time="0.001"/>
  <testcase name="repetition 21 of 40" classname="cl.uchile.dcc.cc3002.ScrabbleProyect.AST.AstTest" time="0.001"/>
  <testcase name="repetition 22 of 40" classname="cl.uchile.dcc.cc3002.ScrabbleProyect.AST.AstTest" time="0.001"/>
  <testcase name="repetition 23 of 40" classname="cl.uchile.dcc.cc3002.ScrabbleProyect.AST.AstTest" time="0.002"/>
  <testcase name="repetition 24 of 40" classname="cl.uchile.dcc.cc3002.ScrabbleProyect.AST.AstTest" time="0.001"/>
  <testcase name="repetition 25 of 40" classname="cl.uchile.dcc.cc3002.ScrabbleProyect.AST.AstTest" time="0.001"/>
  <testcase name="repetition 26 of 40" classname="cl.uchile.dcc.cc3002.ScrabbleProyect.AST.AstTest" time="0.001"/>
  <testcase name="repetition 27 of 40" classname="cl.uchile.dcc.cc3002.ScrabbleProyect.AST.AstTest" time="0.001"/>
  <testcase name="repetition 28 of 40" classname="cl.uchile.dcc.cc3002.ScrabbleProyect.AST.AstTest" time="0.003"/>
  <testcase name="repetition 29 of 40" classname="cl.uchile.dcc.cc3002.ScrabbleProyect.AST.AstTest" time="0.001"/>
  <testcase name="repetition 30 of 40" classname="cl.uchile.dcc.cc3002.ScrabbleProyect.AST.AstTest" time="0.002"/>
  <testcase name="repetition 31 of 40" classname="cl.uchile.dcc.cc3002.ScrabbleProyect.AST.AstTest" time="0.002"/>
  <testcase name="repetition 32 of 40" classname="cl.uchile.dcc.cc3002.ScrabbleProyect.AST.AstTest" time="0.001"/>
  <testcase name="repetition 33 of 40" classname="cl.uchile.dcc.cc3002.ScrabbleProyect.AST.AstTest" time="0.001"/>
  <testcase name="repetition 34 of 40" classname="cl.uchile.dcc.cc3002.ScrabbleProyect.AST.AstTest" time="0.001"/>
  <testcase name="repetition 35 of 40" classname="cl.uchile.dcc.cc3002.ScrabbleProyect.AST.AstTest" time="0.001"/>
  <testcase name="repetition 36 of 40" classname="cl.uchile.dcc.cc3002.ScrabbleProyect.AST.AstTest" time="0.002"/>
  <testcase name="repetition 37 of 40" classname="cl.uchile.dcc.cc3002.ScrabbleProyect.AST.AstTest" time="0.001"/>
  <testcase name="repetition 38 of 40" classname="cl.uchile.dcc.cc3002.ScrabbleProyect.AST.AstTest" time="0.001"/>
  <testcase name="repetition 39 of 40" classname="cl.uchile.dcc.cc3002.ScrabbleProyect.AST.AstTest" time="0.001"/>
  <testcase name="repetition 40 of 40" classname="cl.uchile.dcc.cc3002.ScrabbleProyect.AST.AstTest" time="0.001"/>
  <system-out><![CDATA[]]></system-out>
  <system-err><![CDATA[]]></system-err>
</testsuite>
