<?xml version="1.0" encoding="UTF-8"?>
<testsuite name="cl.uchile.dcc.cc3002.ScrabbleProyect.StringTypeTest" tests="202" skipped="0" failures="0" errors="0" timestamp="2021-05-31T00:08:30" hostname="LAPTOP-DE-NICO-" time="0.214">
  <properties/>
  <testcase name="repetition 1 of 10" classname="cl.uchile.dcc.cc3002.ScrabbleProyect.StringTypeTest" time="0.001"/>
  <testcase name="repetition 2 of 10" classname="cl.uchile.dcc.cc3002.ScrabbleProyect.StringTypeTest" time="0.001"/>
  <testcase name="repetition 3 of 10" classname="cl.uchile.dcc.cc3002.ScrabbleProyect.StringTypeTest" time="0.001"/>
  <testcase name="repetition 4 of 10" classname="cl.uchile.dcc.cc3002.ScrabbleProyect.StringTypeTest" time="0.0"/>
  <testcase name="repetition 5 of 10" classname="cl.uchile.dcc.cc3002.ScrabbleProyect.StringTypeTest" time="0.0"/>
  <testcase name="repetition 6 of 10" classname="cl.uchile.dcc.cc3002.ScrabbleProyect.StringTypeTest" time="0.0"/>
  <testcase name="repetition 7 of 10" classname="cl.uchile.dcc.cc3002.ScrabbleProyect.StringTypeTest" time="0.0"/>
  <testcase name="repetition 8 of 10" classname="cl.uchile.dcc.cc3002.ScrabbleProyect.StringTypeTest" time="0.001"/>
  <testcase name="repetition 9 of 10" classname="cl.uchile.dcc.cc3002.ScrabbleProyect.StringTypeTest" time="0.001"/>
  <testcase name="repetition 10 of 10" classname="cl.uchile.dcc.cc3002.ScrabbleProyect.StringTypeTest" time="0.0"/>
  <testcase name="repetition 1 of 10" classname="cl.uchile.dcc.cc3002.ScrabbleProyect.StringTypeTest" time="0.001"/>
  <testcase name="repetition 2 of 10" classname="cl.uchile.dcc.cc3002.ScrabbleProyect.StringTypeTest" time="0.001"/>
  <testcase name="repetition 3 of 10" classname="cl.uchile.dcc.cc3002.ScrabbleProyect.StringTypeTest" time="0.001"/>
  <testcase name="repetition 4 of 10" classname="cl.uchile.dcc.cc3002.ScrabbleProyect.StringTypeTest" time="0.001"/>
  <testcase name="repetition 5 of 10" classname="cl.uchile.dcc.cc3002.ScrabbleProyect.StringTypeTest" time="0.001"/>
  <testcase name="repetition 6 of 10" classname="cl.uchile.dcc.cc3002.ScrabbleProyect.StringTypeTest" time="0.0"/>
  <testcase name="repetition 7 of 10" classname="cl.uchile.dcc.cc3002.ScrabbleProyect.StringTypeTest" time="0.001"/>
  <testcase name="repetition 8 of 10" classname="cl.uchile.dcc.cc3002.ScrabbleProyect.StringTypeTest" time="0.001"/>
  <testcase name="repetition 9 of 10" classname="cl.uchile.dcc.cc3002.ScrabbleProyect.StringTypeTest" time="0.002"/>
  <testcase name="repetition 10 of 10" classname="cl.uchile.dcc.cc3002.ScrabbleProyect.StringTypeTest" time="0.003"/>
  <testcase name="repetition 1 of 10" classname="cl.uchile.dcc.cc3002.ScrabbleProyect.StringTypeTest" time="0.001"/>
  <testcase name="repetition 2 of 10" classname="cl.uchile.dcc.cc3002.ScrabbleProyect.StringTypeTest" time="0.001"/>
  <testcase name="repetition 3 of 10" classname="cl.uchile.dcc.cc3002.ScrabbleProyect.StringTypeTest" time="0.0"/>
  <testcase name="repetition 4 of 10" classname="cl.uchile.dcc.cc3002.ScrabbleProyect.StringTypeTest" time="0.0"/>
  <testcase name="repetition 5 of 10" classname="cl.uchile.dcc.cc3002.ScrabbleProyect.StringTypeTest" time="0.0"/>
  <testcase name="repetition 6 of 10" classname="cl.uchile.dcc.cc3002.ScrabbleProyect.StringTypeTest" time="0.001"/>
  <testcase name="repetition 7 of 10" classname="cl.uchile.dcc.cc3002.ScrabbleProyect.StringTypeTest" time="0.0"/>
  <testcase name="repetition 8 of 10" classname="cl.uchile.dcc.cc3002.ScrabbleProyect.StringTypeTest" time="0.0"/>
  <testcase name="repetition 9 of 10" classname="cl.uchile.dcc.cc3002.ScrabbleProyect.StringTypeTest" time="0.0"/>
  <testcase name="repetition 10 of 10" classname="cl.uchile.dcc.cc3002.ScrabbleProyect.StringTypeTest" time="0.0"/>
  <testcase name="constructor()" classname="cl.uchile.dcc.cc3002.ScrabbleProyect.StringTypeTest" time="0.001"/>
  <testcase name="repetition 1 of 10" classname="cl.uchile.dcc.cc3002.ScrabbleProyect.StringTypeTest" time="0.0"/>
  <testcase name="repetition 2 of 10" classname="cl.uchile.dcc.cc3002.ScrabbleProyect.StringTypeTest" time="0.0"/>
  <testcase name="repetition 3 of 10" classname="cl.uchile.dcc.cc3002.ScrabbleProyect.StringTypeTest" time="0.001"/>
  <testcase name="repetition 4 of 10" classname="cl.uchile.dcc.cc3002.ScrabbleProyect.StringTypeTest" time="0.0"/>
  <testcase name="repetition 5 of 10" classname="cl.uchile.dcc.cc3002.ScrabbleProyect.StringTypeTest" time="0.001"/>
  <testcase name="repetition 6 of 10" classname="cl.uchile.dcc.cc3002.ScrabbleProyect.StringTypeTest" time="0.001"/>
  <testcase name="repetition 7 of 10" classname="cl.uchile.dcc.cc3002.ScrabbleProyect.StringTypeTest" time="0.001"/>
  <testcase name="repetition 8 of 10" classname="cl.uchile.dcc.cc3002.ScrabbleProyect.StringTypeTest" time="0.0"/>
  <testcase name="repetition 9 of 10" classname="cl.uchile.dcc.cc3002.ScrabbleProyect.StringTypeTest" time="0.001"/>
  <testcase name="repetition 10 of 10" classname="cl.uchile.dcc.cc3002.ScrabbleProyect.StringTypeTest" time="0.001"/>
  <testcase name="repetition 1 of 20" classname="cl.uchile.dcc.cc3002.ScrabbleProyect.StringTypeTest" time="0.001"/>
  <testcase name="repetition 2 of 20" classname="cl.uchile.dcc.cc3002.ScrabbleProyect.StringTypeTest" time="0.0"/>
  <testcase name="repetition 3 of 20" classname="cl.uchile.dcc.cc3002.ScrabbleProyect.StringTypeTest" time="0.001"/>
  <testcase name="repetition 4 of 20" classname="cl.uchile.dcc.cc3002.ScrabbleProyect.StringTypeTest" time="0.001"/>
  <testcase name="repetition 5 of 20" classname="cl.uchile.dcc.cc3002.ScrabbleProyect.StringTypeTest" time="0.001"/>
  <testcase name="repetition 6 of 20" classname="cl.uchile.dcc.cc3002.ScrabbleProyect.StringTypeTest" time="0.001"/>
  <testcase name="repetition 7 of 20" classname="cl.uchile.dcc.cc3002.ScrabbleProyect.StringTypeTest" time="0.001"/>
  <testcase name="repetition 8 of 20" classname="cl.uchile.dcc.cc3002.ScrabbleProyect.StringTypeTest" time="0.001"/>
  <testcase name="repetition 9 of 20" classname="cl.uchile.dcc.cc3002.ScrabbleProyect.StringTypeTest" time="0.001"/>
  <testcase name="repetition 10 of 20" classname="cl.uchile.dcc.cc3002.ScrabbleProyect.StringTypeTest" time="0.0"/>
  <testcase name="repetition 11 of 20" classname="cl.uchile.dcc.cc3002.ScrabbleProyect.StringTypeTest" time="0.0"/>
  <testcase name="repetition 12 of 20" classname="cl.uchile.dcc.cc3002.ScrabbleProyect.StringTypeTest" time="0.0"/>
  <testcase name="repetition 13 of 20" classname="cl.uchile.dcc.cc3002.ScrabbleProyect.StringTypeTest" time="0.0"/>
  <testcase name="repetition 14 of 20" classname="cl.uchile.dcc.cc3002.ScrabbleProyect.StringTypeTest" time="0.001"/>
  <testcase name="repetition 15 of 20" classname="cl.uchile.dcc.cc3002.ScrabbleProyect.StringTypeTest" time="0.0"/>
  <testcase name="repetition 16 of 20" classname="cl.uchile.dcc.cc3002.ScrabbleProyect.StringTypeTest" time="0.002"/>
  <testcase name="repetition 17 of 20" classname="cl.uchile.dcc.cc3002.ScrabbleProyect.StringTypeTest" time="0.001"/>
  <testcase name="repetition 18 of 20" classname="cl.uchile.dcc.cc3002.ScrabbleProyect.StringTypeTest" time="0.0"/>
  <testcase name="repetition 19 of 20" classname="cl.uchile.dcc.cc3002.ScrabbleProyect.StringTypeTest" time="0.0"/>
  <testcase name="repetition 20 of 20" classname="cl.uchile.dcc.cc3002.ScrabbleProyect.StringTypeTest" time="0.001"/>
  <testcase name="repetition 1 of 10" classname="cl.uchile.dcc.cc3002.ScrabbleProyect.StringTypeTest" time="0.001"/>
  <testcase name="repetition 2 of 10" classname="cl.uchile.dcc.cc3002.ScrabbleProyect.StringTypeTest" time="0.001"/>
  <testcase name="repetition 3 of 10" classname="cl.uchile.dcc.cc3002.ScrabbleProyect.StringTypeTest" time="0.0"/>
  <testcase name="repetition 4 of 10" classname="cl.uchile.dcc.cc3002.ScrabbleProyect.StringTypeTest" time="0.0"/>
  <testcase name="repetition 5 of 10" classname="cl.uchile.dcc.cc3002.ScrabbleProyect.StringTypeTest" time="0.0"/>
  <testcase name="repetition 6 of 10" classname="cl.uchile.dcc.cc3002.ScrabbleProyect.StringTypeTest" time="0.0"/>
  <testcase name="repetition 7 of 10" classname="cl.uchile.dcc.cc3002.ScrabbleProyect.StringTypeTest" time="0.0"/>
  <testcase name="repetition 8 of 10" classname="cl.uchile.dcc.cc3002.ScrabbleProyect.StringTypeTest" time="0.001"/>
  <testcase name="repetition 9 of 10" classname="cl.uchile.dcc.cc3002.ScrabbleProyect.StringTypeTest" time="0.0"/>
  <testcase name="repetition 10 of 10" classname="cl.uchile.dcc.cc3002.ScrabbleProyect.StringTypeTest" time="0.0"/>
  <testcase name="repetition 1 of 10" classname="cl.uchile.dcc.cc3002.ScrabbleProyect.StringTypeTest" time="0.0"/>
  <testcase name="repetition 2 of 10" classname="cl.uchile.dcc.cc3002.ScrabbleProyect.StringTypeTest" time="0.0"/>
  <testcase name="repetition 3 of 10" classname="cl.uchile.dcc.cc3002.ScrabbleProyect.StringTypeTest" time="0.001"/>
  <testcase name="repetition 4 of 10" classname="cl.uchile.dcc.cc3002.ScrabbleProyect.StringTypeTest" time="0.001"/>
  <testcase name="repetition 5 of 10" classname="cl.uchile.dcc.cc3002.ScrabbleProyect.StringTypeTest" time="0.0"/>
  <testcase name="repetition 6 of 10" classname="cl.uchile.dcc.cc3002.ScrabbleProyect.StringTypeTest" time="0.0"/>
  <testcase name="repetition 7 of 10" classname="cl.uchile.dcc.cc3002.ScrabbleProyect.StringTypeTest" time="0.0"/>
  <testcase name="repetition 8 of 10" classname="cl.uchile.dcc.cc3002.ScrabbleProyect.StringTypeTest" time="0.0"/>
  <testcase name="repetition 9 of 10" classname="cl.uchile.dcc.cc3002.ScrabbleProyect.StringTypeTest" time="0.0"/>
  <testcase name="repetition 10 of 10" classname="cl.uchile.dcc.cc3002.ScrabbleProyect.StringTypeTest" time="0.001"/>
  <testcase name="repetition 1 of 20" classname="cl.uchile.dcc.cc3002.ScrabbleProyect.StringTypeTest" time="0.0"/>
  <testcase name="repetition 2 of 20" classname="cl.uchile.dcc.cc3002.ScrabbleProyect.StringTypeTest" time="0.0"/>
  <testcase name="repetition 3 of 20" classname="cl.uchile.dcc.cc3002.ScrabbleProyect.StringTypeTest" time="0.001"/>
  <testcase name="repetition 4 of 20" classname="cl.uchile.dcc.cc3002.ScrabbleProyect.StringTypeTest" time="0.001"/>
  <testcase name="repetition 5 of 20" classname="cl.uchile.dcc.cc3002.ScrabbleProyect.StringTypeTest" time="0.0"/>
  <testcase name="repetition 6 of 20" classname="cl.uchile.dcc.cc3002.ScrabbleProyect.StringTypeTest" time="0.0"/>
  <testcase name="repetition 7 of 20" classname="cl.uchile.dcc.cc3002.ScrabbleProyect.StringTypeTest" time="0.0"/>
  <testcase name="repetition 8 of 20" classname="cl.uchile.dcc.cc3002.ScrabbleProyect.StringTypeTest" time="0.001"/>
  <testcase name="repetition 9 of 20" classname="cl.uchile.dcc.cc3002.ScrabbleProyect.StringTypeTest" time="0.0"/>
  <testcase name="repetition 10 of 20" classname="cl.uchile.dcc.cc3002.ScrabbleProyect.StringTypeTest" time="0.0"/>
  <testcase name="repetition 11 of 20" classname="cl.uchile.dcc.cc3002.ScrabbleProyect.StringTypeTest" time="0.001"/>
  <testcase name="repetition 12 of 20" classname="cl.uchile.dcc.cc3002.ScrabbleProyect.StringTypeTest" time="0.001"/>
  <testcase name="repetition 13 of 20" classname="cl.uchile.dcc.cc3002.ScrabbleProyect.StringTypeTest" time="0.001"/>
  <testcase name="repetition 14 of 20" classname="cl.uchile.dcc.cc3002.ScrabbleProyect.StringTypeTest" time="0.001"/>
  <testcase name="repetition 15 of 20" classname="cl.uchile.dcc.cc3002.ScrabbleProyect.StringTypeTest" time="0.001"/>
  <testcase name="repetition 16 of 20" classname="cl.uchile.dcc.cc3002.ScrabbleProyect.StringTypeTest" time="0.001"/>
  <testcase name="repetition 17 of 20" classname="cl.uchile.dcc.cc3002.ScrabbleProyect.StringTypeTest" time="0.001"/>
  <testcase name="repetition 18 of 20" classname="cl.uchile.dcc.cc3002.ScrabbleProyect.StringTypeTest" time="0.0"/>
  <testcase name="repetition 19 of 20" classname="cl.uchile.dcc.cc3002.ScrabbleProyect.StringTypeTest" time="0.001"/>
  <testcase name="repetition 20 of 20" classname="cl.uchile.dcc.cc3002.ScrabbleProyect.StringTypeTest" time="0.001"/>
  <testcase name="repetition 1 of 10" classname="cl.uchile.dcc.cc3002.ScrabbleProyect.StringTypeTest" time="0.001"/>
  <testcase name="repetition 2 of 10" classname="cl.uchile.dcc.cc3002.ScrabbleProyect.StringTypeTest" time="0.002"/>
  <testcase name="repetition 3 of 10" classname="cl.uchile.dcc.cc3002.ScrabbleProyect.StringTypeTest" time="0.002"/>
  <testcase name="repetition 4 of 10" classname="cl.uchile.dcc.cc3002.ScrabbleProyect.StringTypeTest" time="0.001"/>
  <testcase name="repetition 5 of 10" classname="cl.uchile.dcc.cc3002.ScrabbleProyect.StringTypeTest" time="0.0"/>
  <testcase name="repetition 6 of 10" classname="cl.uchile.dcc.cc3002.ScrabbleProyect.StringTypeTest" time="0.0"/>
  <testcase name="repetition 7 of 10" classname="cl.uchile.dcc.cc3002.ScrabbleProyect.StringTypeTest" time="0.0"/>
  <testcase name="repetition 8 of 10" classname="cl.uchile.dcc.cc3002.ScrabbleProyect.StringTypeTest" time="0.0"/>
  <testcase name="repetition 9 of 10" classname="cl.uchile.dcc.cc3002.ScrabbleProyect.StringTypeTest" time="0.0"/>
  <testcase name="repetition 10 of 10" classname="cl.uchile.dcc.cc3002.ScrabbleProyect.StringTypeTest" time="0.0"/>
  <testcase name="repetition 1 of 10" classname="cl.uchile.dcc.cc3002.ScrabbleProyect.StringTypeTest" time="0.001"/>
  <testcase name="repetition 2 of 10" classname="cl.uchile.dcc.cc3002.ScrabbleProyect.StringTypeTest" time="0.001"/>
  <testcase name="repetition 3 of 10" classname="cl.uchile.dcc.cc3002.ScrabbleProyect.StringTypeTest" time="0.0"/>
  <testcase name="repetition 4 of 10" classname="cl.uchile.dcc.cc3002.ScrabbleProyect.StringTypeTest" time="0.0"/>
  <testcase name="repetition 5 of 10" classname="cl.uchile.dcc.cc3002.ScrabbleProyect.StringTypeTest" time="0.0"/>
  <testcase name="repetition 6 of 10" classname="cl.uchile.dcc.cc3002.ScrabbleProyect.StringTypeTest" time="0.0"/>
  <testcase name="repetition 7 of 10" classname="cl.uchile.dcc.cc3002.ScrabbleProyect.StringTypeTest" time="0.0"/>
  <testcase name="repetition 8 of 10" classname="cl.uchile.dcc.cc3002.ScrabbleProyect.StringTypeTest" time="0.001"/>
  <testcase name="repetition 9 of 10" classname="cl.uchile.dcc.cc3002.ScrabbleProyect.StringTypeTest" time="0.0"/>
  <testcase name="repetition 10 of 10" classname="cl.uchile.dcc.cc3002.ScrabbleProyect.StringTypeTest" time="0.001"/>
  <testcase name="repetition 1 of 10" classname="cl.uchile.dcc.cc3002.ScrabbleProyect.StringTypeTest" time="0.0"/>
  <testcase name="repetition 2 of 10" classname="cl.uchile.dcc.cc3002.ScrabbleProyect.StringTypeTest" time="0.0"/>
  <testcase name="repetition 3 of 10" classname="cl.uchile.dcc.cc3002.ScrabbleProyect.StringTypeTest" time="0.001"/>
  <testcase name="repetition 4 of 10" classname="cl.uchile.dcc.cc3002.ScrabbleProyect.StringTypeTest" time="0.001"/>
  <testcase name="repetition 5 of 10" classname="cl.uchile.dcc.cc3002.ScrabbleProyect.StringTypeTest" time="0.001"/>
  <testcase name="repetition 6 of 10" classname="cl.uchile.dcc.cc3002.ScrabbleProyect.StringTypeTest" time="0.0"/>
  <testcase name="repetition 7 of 10" classname="cl.uchile.dcc.cc3002.ScrabbleProyect.StringTypeTest" time="0.0"/>
  <testcase name="repetition 8 of 10" classname="cl.uchile.dcc.cc3002.ScrabbleProyect.StringTypeTest" time="0.001"/>
  <testcase name="repetition 9 of 10" classname="cl.uchile.dcc.cc3002.ScrabbleProyect.StringTypeTest" time="0.0"/>
  <testcase name="repetition 10 of 10" classname="cl.uchile.dcc.cc3002.ScrabbleProyect.StringTypeTest" time="0.0"/>
  <testcase name="repetition 1 of 10" classname="cl.uchile.dcc.cc3002.ScrabbleProyect.StringTypeTest" time="0.0"/>
  <testcase name="repetition 2 of 10" classname="cl.uchile.dcc.cc3002.ScrabbleProyect.StringTypeTest" time="0.0"/>
  <testcase name="repetition 3 of 10" classname="cl.uchile.dcc.cc3002.ScrabbleProyect.StringTypeTest" time="0.0"/>
  <testcase name="repetition 4 of 10" classname="cl.uchile.dcc.cc3002.ScrabbleProyect.StringTypeTest" time="0.001"/>
  <testcase name="repetition 5 of 10" classname="cl.uchile.dcc.cc3002.ScrabbleProyect.StringTypeTest" time="0.0"/>
  <testcase name="repetition 6 of 10" classname="cl.uchile.dcc.cc3002.ScrabbleProyect.StringTypeTest" time="0.0"/>
  <testcase name="repetition 7 of 10" classname="cl.uchile.dcc.cc3002.ScrabbleProyect.StringTypeTest" time="0.001"/>
  <testcase name="repetition 8 of 10" classname="cl.uchile.dcc.cc3002.ScrabbleProyect.StringTypeTest" time="0.001"/>
  <testcase name="repetition 9 of 10" classname="cl.uchile.dcc.cc3002.ScrabbleProyect.StringTypeTest" time="0.001"/>
  <testcase name="repetition 10 of 10" classname="cl.uchile.dcc.cc3002.ScrabbleProyect.StringTypeTest" time="0.0"/>
  <testcase name="repetition 1 of 10" classname="cl.uchile.dcc.cc3002.ScrabbleProyect.StringTypeTest" time="0.001"/>
  <testcase name="repetition 2 of 10" classname="cl.uchile.dcc.cc3002.ScrabbleProyect.StringTypeTest" time="0.0"/>
  <testcase name="repetition 3 of 10" classname="cl.uchile.dcc.cc3002.ScrabbleProyect.StringTypeTest" time="0.0"/>
  <testcase name="repetition 4 of 10" classname="cl.uchile.dcc.cc3002.ScrabbleProyect.StringTypeTest" time="0.0"/>
  <testcase name="repetition 5 of 10" classname="cl.uchile.dcc.cc3002.ScrabbleProyect.StringTypeTest" time="0.001"/>
  <testcase name="repetition 6 of 10" classname="cl.uchile.dcc.cc3002.ScrabbleProyect.StringTypeTest" time="0.001"/>
  <testcase name="repetition 7 of 10" classname="cl.uchile.dcc.cc3002.ScrabbleProyect.StringTypeTest" time="0.0"/>
  <testcase name="repetition 8 of 10" classname="cl.uchile.dcc.cc3002.ScrabbleProyect.StringTypeTest" time="0.0"/>
  <testcase name="repetition 9 of 10" classname="cl.uchile.dcc.cc3002.ScrabbleProyect.StringTypeTest" time="0.0"/>
  <testcase name="repetition 10 of 10" classname="cl.uchile.dcc.cc3002.ScrabbleProyect.StringTypeTest" time="0.001"/>
  <testcase name="repetition 1 of 10" classname="cl.uchile.dcc.cc3002.ScrabbleProyect.StringTypeTest" time="0.001"/>
  <testcase name="repetition 2 of 10" classname="cl.uchile.dcc.cc3002.ScrabbleProyect.StringTypeTest" time="0.001"/>
  <testcase name="repetition 3 of 10" classname="cl.uchile.dcc.cc3002.ScrabbleProyect.StringTypeTest" time="0.001"/>
  <testcase name="repetition 4 of 10" classname="cl.uchile.dcc.cc3002.ScrabbleProyect.StringTypeTest" time="0.0"/>
  <testcase name="repetition 5 of 10" classname="cl.uchile.dcc.cc3002.ScrabbleProyect.StringTypeTest" time="0.0"/>
  <testcase name="repetition 6 of 10" classname="cl.uchile.dcc.cc3002.ScrabbleProyect.StringTypeTest" time="0.001"/>
  <testcase name="repetition 7 of 10" classname="cl.uchile.dcc.cc3002.ScrabbleProyect.StringTypeTest" time="0.0"/>
  <testcase name="repetition 8 of 10" classname="cl.uchile.dcc.cc3002.ScrabbleProyect.StringTypeTest" time="0.0"/>
  <testcase name="repetition 9 of 10" classname="cl.uchile.dcc.cc3002.ScrabbleProyect.StringTypeTest" time="0.001"/>
  <testcase name="repetition 10 of 10" classname="cl.uchile.dcc.cc3002.ScrabbleProyect.StringTypeTest" time="0.001"/>
  <testcase name="repetition 1 of 10" classname="cl.uchile.dcc.cc3002.ScrabbleProyect.StringTypeTest" time="0.0"/>
  <testcase name="repetition 2 of 10" classname="cl.uchile.dcc.cc3002.ScrabbleProyect.StringTypeTest" time="0.0"/>
  <testcase name="repetition 3 of 10" classname="cl.uchile.dcc.cc3002.ScrabbleProyect.StringTypeTest" time="0.001"/>
  <testcase name="repetition 4 of 10" classname="cl.uchile.dcc.cc3002.ScrabbleProyect.StringTypeTest" time="0.0"/>
  <testcase name="repetition 5 of 10" classname="cl.uchile.dcc.cc3002.ScrabbleProyect.StringTypeTest" time="0.0"/>
  <testcase name="repetition 6 of 10" classname="cl.uchile.dcc.cc3002.ScrabbleProyect.StringTypeTest" time="0.001"/>
  <testcase name="repetition 7 of 10" classname="cl.uchile.dcc.cc3002.ScrabbleProyect.StringTypeTest" time="0.0"/>
  <testcase name="repetition 8 of 10" classname="cl.uchile.dcc.cc3002.ScrabbleProyect.StringTypeTest" time="0.0"/>
  <testcase name="repetition 9 of 10" classname="cl.uchile.dcc.cc3002.ScrabbleProyect.StringTypeTest" time="0.001"/>
  <testcase name="repetition 10 of 10" classname="cl.uchile.dcc.cc3002.ScrabbleProyect.StringTypeTest" time="0.001"/>
  <testcase name="repetition 1 of 10" classname="cl.uchile.dcc.cc3002.ScrabbleProyect.StringTypeTest" time="0.0"/>
  <testcase name="repetition 2 of 10" classname="cl.uchile.dcc.cc3002.ScrabbleProyect.StringTypeTest" time="0.0"/>
  <testcase name="repetition 3 of 10" classname="cl.uchile.dcc.cc3002.ScrabbleProyect.StringTypeTest" time="0.0"/>
  <testcase name="repetition 4 of 10" classname="cl.uchile.dcc.cc3002.ScrabbleProyect.StringTypeTest" time="0.0"/>
  <testcase name="repetition 5 of 10" classname="cl.uchile.dcc.cc3002.ScrabbleProyect.StringTypeTest" time="0.001"/>
  <testcase name="repetition 6 of 10" classname="cl.uchile.dcc.cc3002.ScrabbleProyect.StringTypeTest" time="0.0"/>
  <testcase name="repetition 7 of 10" classname="cl.uchile.dcc.cc3002.ScrabbleProyect.StringTypeTest" time="0.0"/>
  <testcase name="repetition 8 of 10" classname="cl.uchile.dcc.cc3002.ScrabbleProyect.StringTypeTest" time="0.001"/>
  <testcase name="repetition 9 of 10" classname="cl.uchile.dcc.cc3002.ScrabbleProyect.StringTypeTest" time="0.001"/>
  <testcase name="repetition 10 of 10" classname="cl.uchile.dcc.cc3002.ScrabbleProyect.StringTypeTest" time="0.001"/>
  <testcase name="repetition 1 of 10" classname="cl.uchile.dcc.cc3002.ScrabbleProyect.StringTypeTest" time="0.0"/>
  <testcase name="repetition 2 of 10" classname="cl.uchile.dcc.cc3002.ScrabbleProyect.StringTypeTest" time="0.0"/>
  <testcase name="repetition 3 of 10" classname="cl.uchile.dcc.cc3002.ScrabbleProyect.StringTypeTest" time="0.0"/>
  <testcase name="repetition 4 of 10" classname="cl.uchile.dcc.cc3002.ScrabbleProyect.StringTypeTest" time="0.0"/>
  <testcase name="repetition 5 of 10" classname="cl.uchile.dcc.cc3002.ScrabbleProyect.StringTypeTest" time="0.0"/>
  <testcase name="repetition 6 of 10" classname="cl.uchile.dcc.cc3002.ScrabbleProyect.StringTypeTest" time="0.0"/>
  <testcase name="repetition 7 of 10" classname="cl.uchile.dcc.cc3002.ScrabbleProyect.StringTypeTest" time="0.0"/>
  <testcase name="repetition 8 of 10" classname="cl.uchile.dcc.cc3002.ScrabbleProyect.StringTypeTest" time="0.001"/>
  <testcase name="repetition 9 of 10" classname="cl.uchile.dcc.cc3002.ScrabbleProyect.StringTypeTest" time="0.001"/>
  <testcase name="repetition 10 of 10" classname="cl.uchile.dcc.cc3002.ScrabbleProyect.StringTypeTest" time="0.001"/>
  <testcase name="setAString()" classname="cl.uchile.dcc.cc3002.ScrabbleProyect.StringTypeTest" time="0.001"/>
  <testcase name="repetition 1 of 10" classname="cl.uchile.dcc.cc3002.ScrabbleProyect.StringTypeTest" time="0.0"/>
  <testcase name="repetition 2 of 10" classname="cl.uchile.dcc.cc3002.ScrabbleProyect.StringTypeTest" time="0.0"/>
  <testcase name="repetition 3 of 10" classname="cl.uchile.dcc.cc3002.ScrabbleProyect.StringTypeTest" time="0.0"/>
  <testcase name="repetition 4 of 10" classname="cl.uchile.dcc.cc3002.ScrabbleProyect.StringTypeTest" time="0.001"/>
  <testcase name="repetition 5 of 10" classname="cl.uchile.dcc.cc3002.ScrabbleProyect.StringTypeTest" time="0.0"/>
  <testcase name="repetition 6 of 10" classname="cl.uchile.dcc.cc3002.ScrabbleProyect.StringTypeTest" time="0.001"/>
  <testcase name="repetition 7 of 10" classname="cl.uchile.dcc.cc3002.ScrabbleProyect.StringTypeTest" time="0.001"/>
  <testcase name="repetition 8 of 10" classname="cl.uchile.dcc.cc3002.ScrabbleProyect.StringTypeTest" time="0.0"/>
  <testcase name="repetition 9 of 10" classname="cl.uchile.dcc.cc3002.ScrabbleProyect.StringTypeTest" time="0.0"/>
  <testcase name="repetition 10 of 10" classname="cl.uchile.dcc.cc3002.ScrabbleProyect.StringTypeTest" time="0.001"/>
  <system-out><![CDATA[]]></system-out>
  <system-err><![CDATA[]]></system-err>
</testsuite>
