<?xml version="1.0" encoding="UTF-8"?>
<testsuite name="cl.uchile.dcc.cc3002.ScrabbleProyect.BinaryTypeTest" tests="213" skipped="0" failures="0" errors="0" timestamp="2021-06-16T22:24:09" hostname="LAPTOP-DE-NICO-" time="0.285">
  <properties/>
  <testcase name="constructorTest()" classname="cl.uchile.dcc.cc3002.ScrabbleProyect.BinaryTypeTest" time="0.004"/>
  <testcase name="repetition 1 of 20" classname="cl.uchile.dcc.cc3002.ScrabbleProyect.BinaryTypeTest" time="0.001"/>
  <testcase name="repetition 2 of 20" classname="cl.uchile.dcc.cc3002.ScrabbleProyect.BinaryTypeTest" time="0.001"/>
  <testcase name="repetition 3 of 20" classname="cl.uchile.dcc.cc3002.ScrabbleProyect.BinaryTypeTest" time="0.002"/>
  <testcase name="repetition 4 of 20" classname="cl.uchile.dcc.cc3002.ScrabbleProyect.BinaryTypeTest" time="0.001"/>
  <testcase name="repetition 5 of 20" classname="cl.uchile.dcc.cc3002.ScrabbleProyect.BinaryTypeTest" time="0.0"/>
  <testcase name="repetition 6 of 20" classname="cl.uchile.dcc.cc3002.ScrabbleProyect.BinaryTypeTest" time="0.001"/>
  <testcase name="repetition 7 of 20" classname="cl.uchile.dcc.cc3002.ScrabbleProyect.BinaryTypeTest" time="0.001"/>
  <testcase name="repetition 8 of 20" classname="cl.uchile.dcc.cc3002.ScrabbleProyect.BinaryTypeTest" time="0.001"/>
  <testcase name="repetition 9 of 20" classname="cl.uchile.dcc.cc3002.ScrabbleProyect.BinaryTypeTest" time="0.0"/>
  <testcase name="repetition 10 of 20" classname="cl.uchile.dcc.cc3002.ScrabbleProyect.BinaryTypeTest" time="0.001"/>
  <testcase name="repetition 11 of 20" classname="cl.uchile.dcc.cc3002.ScrabbleProyect.BinaryTypeTest" time="0.001"/>
  <testcase name="repetition 12 of 20" classname="cl.uchile.dcc.cc3002.ScrabbleProyect.BinaryTypeTest" time="0.001"/>
  <testcase name="repetition 13 of 20" classname="cl.uchile.dcc.cc3002.ScrabbleProyect.BinaryTypeTest" time="0.0"/>
  <testcase name="repetition 14 of 20" classname="cl.uchile.dcc.cc3002.ScrabbleProyect.BinaryTypeTest" time="0.001"/>
  <testcase name="repetition 15 of 20" classname="cl.uchile.dcc.cc3002.ScrabbleProyect.BinaryTypeTest" time="0.001"/>
  <testcase name="repetition 16 of 20" classname="cl.uchile.dcc.cc3002.ScrabbleProyect.BinaryTypeTest" time="0.0"/>
  <testcase name="repetition 17 of 20" classname="cl.uchile.dcc.cc3002.ScrabbleProyect.BinaryTypeTest" time="0.001"/>
  <testcase name="repetition 18 of 20" classname="cl.uchile.dcc.cc3002.ScrabbleProyect.BinaryTypeTest" time="0.0"/>
  <testcase name="repetition 19 of 20" classname="cl.uchile.dcc.cc3002.ScrabbleProyect.BinaryTypeTest" time="0.001"/>
  <testcase name="repetition 20 of 20" classname="cl.uchile.dcc.cc3002.ScrabbleProyect.BinaryTypeTest" time="0.001"/>
  <testcase name="repetition 1 of 20" classname="cl.uchile.dcc.cc3002.ScrabbleProyect.BinaryTypeTest" time="0.0"/>
  <testcase name="repetition 2 of 20" classname="cl.uchile.dcc.cc3002.ScrabbleProyect.BinaryTypeTest" time="0.0"/>
  <testcase name="repetition 3 of 20" classname="cl.uchile.dcc.cc3002.ScrabbleProyect.BinaryTypeTest" time="0.001"/>
  <testcase name="repetition 4 of 20" classname="cl.uchile.dcc.cc3002.ScrabbleProyect.BinaryTypeTest" time="0.001"/>
  <testcase name="repetition 5 of 20" classname="cl.uchile.dcc.cc3002.ScrabbleProyect.BinaryTypeTest" time="0.0"/>
  <testcase name="repetition 6 of 20" classname="cl.uchile.dcc.cc3002.ScrabbleProyect.BinaryTypeTest" time="0.001"/>
  <testcase name="repetition 7 of 20" classname="cl.uchile.dcc.cc3002.ScrabbleProyect.BinaryTypeTest" time="0.001"/>
  <testcase name="repetition 8 of 20" classname="cl.uchile.dcc.cc3002.ScrabbleProyect.BinaryTypeTest" time="0.0"/>
  <testcase name="repetition 9 of 20" classname="cl.uchile.dcc.cc3002.ScrabbleProyect.BinaryTypeTest" time="0.0"/>
  <testcase name="repetition 10 of 20" classname="cl.uchile.dcc.cc3002.ScrabbleProyect.BinaryTypeTest" time="0.001"/>
  <testcase name="repetition 11 of 20" classname="cl.uchile.dcc.cc3002.ScrabbleProyect.BinaryTypeTest" time="0.0"/>
  <testcase name="repetition 12 of 20" classname="cl.uchile.dcc.cc3002.ScrabbleProyect.BinaryTypeTest" time="0.0"/>
  <testcase name="repetition 13 of 20" classname="cl.uchile.dcc.cc3002.ScrabbleProyect.BinaryTypeTest" time="0.001"/>
  <testcase name="repetition 14 of 20" classname="cl.uchile.dcc.cc3002.ScrabbleProyect.BinaryTypeTest" time="0.001"/>
  <testcase name="repetition 15 of 20" classname="cl.uchile.dcc.cc3002.ScrabbleProyect.BinaryTypeTest" time="0.001"/>
  <testcase name="repetition 16 of 20" classname="cl.uchile.dcc.cc3002.ScrabbleProyect.BinaryTypeTest" time="0.001"/>
  <testcase name="repetition 17 of 20" classname="cl.uchile.dcc.cc3002.ScrabbleProyect.BinaryTypeTest" time="0.001"/>
  <testcase name="repetition 18 of 20" classname="cl.uchile.dcc.cc3002.ScrabbleProyect.BinaryTypeTest" time="0.0"/>
  <testcase name="repetition 19 of 20" classname="cl.uchile.dcc.cc3002.ScrabbleProyect.BinaryTypeTest" time="0.0"/>
  <testcase name="repetition 20 of 20" classname="cl.uchile.dcc.cc3002.ScrabbleProyect.BinaryTypeTest" time="0.0"/>
  <testcase name="testToString()" classname="cl.uchile.dcc.cc3002.ScrabbleProyect.BinaryTypeTest" time="0.001"/>
  <testcase name="repetition 1 of 20" classname="cl.uchile.dcc.cc3002.ScrabbleProyect.BinaryTypeTest" time="0.001"/>
  <testcase name="repetition 2 of 20" classname="cl.uchile.dcc.cc3002.ScrabbleProyect.BinaryTypeTest" time="0.001"/>
  <testcase name="repetition 3 of 20" classname="cl.uchile.dcc.cc3002.ScrabbleProyect.BinaryTypeTest" time="0.001"/>
  <testcase name="repetition 4 of 20" classname="cl.uchile.dcc.cc3002.ScrabbleProyect.BinaryTypeTest" time="0.001"/>
  <testcase name="repetition 5 of 20" classname="cl.uchile.dcc.cc3002.ScrabbleProyect.BinaryTypeTest" time="0.001"/>
  <testcase name="repetition 6 of 20" classname="cl.uchile.dcc.cc3002.ScrabbleProyect.BinaryTypeTest" time="0.0"/>
  <testcase name="repetition 7 of 20" classname="cl.uchile.dcc.cc3002.ScrabbleProyect.BinaryTypeTest" time="0.0"/>
  <testcase name="repetition 8 of 20" classname="cl.uchile.dcc.cc3002.ScrabbleProyect.BinaryTypeTest" time="0.0"/>
  <testcase name="repetition 9 of 20" classname="cl.uchile.dcc.cc3002.ScrabbleProyect.BinaryTypeTest" time="0.001"/>
  <testcase name="repetition 10 of 20" classname="cl.uchile.dcc.cc3002.ScrabbleProyect.BinaryTypeTest" time="0.001"/>
  <testcase name="repetition 11 of 20" classname="cl.uchile.dcc.cc3002.ScrabbleProyect.BinaryTypeTest" time="0.001"/>
  <testcase name="repetition 12 of 20" classname="cl.uchile.dcc.cc3002.ScrabbleProyect.BinaryTypeTest" time="0.0"/>
  <testcase name="repetition 13 of 20" classname="cl.uchile.dcc.cc3002.ScrabbleProyect.BinaryTypeTest" time="0.001"/>
  <testcase name="repetition 14 of 20" classname="cl.uchile.dcc.cc3002.ScrabbleProyect.BinaryTypeTest" time="0.001"/>
  <testcase name="repetition 15 of 20" classname="cl.uchile.dcc.cc3002.ScrabbleProyect.BinaryTypeTest" time="0.0"/>
  <testcase name="repetition 16 of 20" classname="cl.uchile.dcc.cc3002.ScrabbleProyect.BinaryTypeTest" time="0.0"/>
  <testcase name="repetition 17 of 20" classname="cl.uchile.dcc.cc3002.ScrabbleProyect.BinaryTypeTest" time="0.001"/>
  <testcase name="repetition 18 of 20" classname="cl.uchile.dcc.cc3002.ScrabbleProyect.BinaryTypeTest" time="0.001"/>
  <testcase name="repetition 19 of 20" classname="cl.uchile.dcc.cc3002.ScrabbleProyect.BinaryTypeTest" time="0.001"/>
  <testcase name="repetition 20 of 20" classname="cl.uchile.dcc.cc3002.ScrabbleProyect.BinaryTypeTest" time="0.001"/>
  <testcase name="repetition 1 of 30" classname="cl.uchile.dcc.cc3002.ScrabbleProyect.BinaryTypeTest" time="0.001"/>
  <testcase name="repetition 2 of 30" classname="cl.uchile.dcc.cc3002.ScrabbleProyect.BinaryTypeTest" time="0.0"/>
  <testcase name="repetition 3 of 30" classname="cl.uchile.dcc.cc3002.ScrabbleProyect.BinaryTypeTest" time="0.0"/>
  <testcase name="repetition 4 of 30" classname="cl.uchile.dcc.cc3002.ScrabbleProyect.BinaryTypeTest" time="0.001"/>
  <testcase name="repetition 5 of 30" classname="cl.uchile.dcc.cc3002.ScrabbleProyect.BinaryTypeTest" time="0.001"/>
  <testcase name="repetition 6 of 30" classname="cl.uchile.dcc.cc3002.ScrabbleProyect.BinaryTypeTest" time="0.002"/>
  <testcase name="repetition 7 of 30" classname="cl.uchile.dcc.cc3002.ScrabbleProyect.BinaryTypeTest" time="0.001"/>
  <testcase name="repetition 8 of 30" classname="cl.uchile.dcc.cc3002.ScrabbleProyect.BinaryTypeTest" time="0.001"/>
  <testcase name="repetition 9 of 30" classname="cl.uchile.dcc.cc3002.ScrabbleProyect.BinaryTypeTest" time="0.001"/>
  <testcase name="repetition 10 of 30" classname="cl.uchile.dcc.cc3002.ScrabbleProyect.BinaryTypeTest" time="0.001"/>
  <testcase name="repetition 11 of 30" classname="cl.uchile.dcc.cc3002.ScrabbleProyect.BinaryTypeTest" time="0.0"/>
  <testcase name="repetition 12 of 30" classname="cl.uchile.dcc.cc3002.ScrabbleProyect.BinaryTypeTest" time="0.0"/>
  <testcase name="repetition 13 of 30" classname="cl.uchile.dcc.cc3002.ScrabbleProyect.BinaryTypeTest" time="0.0"/>
  <testcase name="repetition 14 of 30" classname="cl.uchile.dcc.cc3002.ScrabbleProyect.BinaryTypeTest" time="0.0"/>
  <testcase name="repetition 15 of 30" classname="cl.uchile.dcc.cc3002.ScrabbleProyect.BinaryTypeTest" time="0.0"/>
  <testcase name="repetition 16 of 30" classname="cl.uchile.dcc.cc3002.ScrabbleProyect.BinaryTypeTest" time="0.001"/>
  <testcase name="repetition 17 of 30" classname="cl.uchile.dcc.cc3002.ScrabbleProyect.BinaryTypeTest" time="0.001"/>
  <testcase name="repetition 18 of 30" classname="cl.uchile.dcc.cc3002.ScrabbleProyect.BinaryTypeTest" time="0.001"/>
  <testcase name="repetition 19 of 30" classname="cl.uchile.dcc.cc3002.ScrabbleProyect.BinaryTypeTest" time="0.001"/>
  <testcase name="repetition 20 of 30" classname="cl.uchile.dcc.cc3002.ScrabbleProyect.BinaryTypeTest" time="0.0"/>
  <testcase name="repetition 21 of 30" classname="cl.uchile.dcc.cc3002.ScrabbleProyect.BinaryTypeTest" time="0.0"/>
  <testcase name="repetition 22 of 30" classname="cl.uchile.dcc.cc3002.ScrabbleProyect.BinaryTypeTest" time="0.0"/>
  <testcase name="repetition 23 of 30" classname="cl.uchile.dcc.cc3002.ScrabbleProyect.BinaryTypeTest" time="0.001"/>
  <testcase name="repetition 24 of 30" classname="cl.uchile.dcc.cc3002.ScrabbleProyect.BinaryTypeTest" time="0.001"/>
  <testcase name="repetition 25 of 30" classname="cl.uchile.dcc.cc3002.ScrabbleProyect.BinaryTypeTest" time="0.001"/>
  <testcase name="repetition 26 of 30" classname="cl.uchile.dcc.cc3002.ScrabbleProyect.BinaryTypeTest" time="0.0"/>
  <testcase name="repetition 27 of 30" classname="cl.uchile.dcc.cc3002.ScrabbleProyect.BinaryTypeTest" time="0.0"/>
  <testcase name="repetition 28 of 30" classname="cl.uchile.dcc.cc3002.ScrabbleProyect.BinaryTypeTest" time="0.0"/>
  <testcase name="repetition 29 of 30" classname="cl.uchile.dcc.cc3002.ScrabbleProyect.BinaryTypeTest" time="0.001"/>
  <testcase name="repetition 30 of 30" classname="cl.uchile.dcc.cc3002.ScrabbleProyect.BinaryTypeTest" time="0.0"/>
  <testcase name="repetition 1 of 20" classname="cl.uchile.dcc.cc3002.ScrabbleProyect.BinaryTypeTest" time="0.001"/>
  <testcase name="repetition 2 of 20" classname="cl.uchile.dcc.cc3002.ScrabbleProyect.BinaryTypeTest" time="0.001"/>
  <testcase name="repetition 3 of 20" classname="cl.uchile.dcc.cc3002.ScrabbleProyect.BinaryTypeTest" time="0.001"/>
  <testcase name="repetition 4 of 20" classname="cl.uchile.dcc.cc3002.ScrabbleProyect.BinaryTypeTest" time="0.001"/>
  <testcase name="repetition 5 of 20" classname="cl.uchile.dcc.cc3002.ScrabbleProyect.BinaryTypeTest" time="0.0"/>
  <testcase name="repetition 6 of 20" classname="cl.uchile.dcc.cc3002.ScrabbleProyect.BinaryTypeTest" time="0.0"/>
  <testcase name="repetition 7 of 20" classname="cl.uchile.dcc.cc3002.ScrabbleProyect.BinaryTypeTest" time="0.001"/>
  <testcase name="repetition 8 of 20" classname="cl.uchile.dcc.cc3002.ScrabbleProyect.BinaryTypeTest" time="0.001"/>
  <testcase name="repetition 9 of 20" classname="cl.uchile.dcc.cc3002.ScrabbleProyect.BinaryTypeTest" time="0.001"/>
  <testcase name="repetition 10 of 20" classname="cl.uchile.dcc.cc3002.ScrabbleProyect.BinaryTypeTest" time="0.001"/>
  <testcase name="repetition 11 of 20" classname="cl.uchile.dcc.cc3002.ScrabbleProyect.BinaryTypeTest" time="0.001"/>
  <testcase name="repetition 12 of 20" classname="cl.uchile.dcc.cc3002.ScrabbleProyect.BinaryTypeTest" time="0.001"/>
  <testcase name="repetition 13 of 20" classname="cl.uchile.dcc.cc3002.ScrabbleProyect.BinaryTypeTest" time="0.0"/>
  <testcase name="repetition 14 of 20" classname="cl.uchile.dcc.cc3002.ScrabbleProyect.BinaryTypeTest" time="0.0"/>
  <testcase name="repetition 15 of 20" classname="cl.uchile.dcc.cc3002.ScrabbleProyect.BinaryTypeTest" time="0.001"/>
  <testcase name="repetition 16 of 20" classname="cl.uchile.dcc.cc3002.ScrabbleProyect.BinaryTypeTest" time="0.001"/>
  <testcase name="repetition 17 of 20" classname="cl.uchile.dcc.cc3002.ScrabbleProyect.BinaryTypeTest" time="0.0"/>
  <testcase name="repetition 18 of 20" classname="cl.uchile.dcc.cc3002.ScrabbleProyect.BinaryTypeTest" time="0.001"/>
  <testcase name="repetition 19 of 20" classname="cl.uchile.dcc.cc3002.ScrabbleProyect.BinaryTypeTest" time="0.001"/>
  <testcase name="repetition 20 of 20" classname="cl.uchile.dcc.cc3002.ScrabbleProyect.BinaryTypeTest" time="0.001"/>
  <testcase name="repetition 1 of 20" classname="cl.uchile.dcc.cc3002.ScrabbleProyect.BinaryTypeTest" time="0.0"/>
  <testcase name="repetition 2 of 20" classname="cl.uchile.dcc.cc3002.ScrabbleProyect.BinaryTypeTest" time="0.0"/>
  <testcase name="repetition 3 of 20" classname="cl.uchile.dcc.cc3002.ScrabbleProyect.BinaryTypeTest" time="0.0"/>
  <testcase name="repetition 4 of 20" classname="cl.uchile.dcc.cc3002.ScrabbleProyect.BinaryTypeTest" time="0.0"/>
  <testcase name="repetition 5 of 20" classname="cl.uchile.dcc.cc3002.ScrabbleProyect.BinaryTypeTest" time="0.0"/>
  <testcase name="repetition 6 of 20" classname="cl.uchile.dcc.cc3002.ScrabbleProyect.BinaryTypeTest" time="0.001"/>
  <testcase name="repetition 7 of 20" classname="cl.uchile.dcc.cc3002.ScrabbleProyect.BinaryTypeTest" time="0.003"/>
  <testcase name="repetition 8 of 20" classname="cl.uchile.dcc.cc3002.ScrabbleProyect.BinaryTypeTest" time="0.001"/>
  <testcase name="repetition 9 of 20" classname="cl.uchile.dcc.cc3002.ScrabbleProyect.BinaryTypeTest" time="0.001"/>
  <testcase name="repetition 10 of 20" classname="cl.uchile.dcc.cc3002.ScrabbleProyect.BinaryTypeTest" time="0.001"/>
  <testcase name="repetition 11 of 20" classname="cl.uchile.dcc.cc3002.ScrabbleProyect.BinaryTypeTest" time="0.0"/>
  <testcase name="repetition 12 of 20" classname="cl.uchile.dcc.cc3002.ScrabbleProyect.BinaryTypeTest" time="0.0"/>
  <testcase name="repetition 13 of 20" classname="cl.uchile.dcc.cc3002.ScrabbleProyect.BinaryTypeTest" time="0.0"/>
  <testcase name="repetition 14 of 20" classname="cl.uchile.dcc.cc3002.ScrabbleProyect.BinaryTypeTest" time="0.0"/>
  <testcase name="repetition 15 of 20" classname="cl.uchile.dcc.cc3002.ScrabbleProyect.BinaryTypeTest" time="0.001"/>
  <testcase name="repetition 16 of 20" classname="cl.uchile.dcc.cc3002.ScrabbleProyect.BinaryTypeTest" time="0.001"/>
  <testcase name="repetition 17 of 20" classname="cl.uchile.dcc.cc3002.ScrabbleProyect.BinaryTypeTest" time="0.001"/>
  <testcase name="repetition 18 of 20" classname="cl.uchile.dcc.cc3002.ScrabbleProyect.BinaryTypeTest" time="0.001"/>
  <testcase name="repetition 19 of 20" classname="cl.uchile.dcc.cc3002.ScrabbleProyect.BinaryTypeTest" time="0.001"/>
  <testcase name="repetition 20 of 20" classname="cl.uchile.dcc.cc3002.ScrabbleProyect.BinaryTypeTest" time="0.001"/>
  <testcase name="repetition 1 of 20" classname="cl.uchile.dcc.cc3002.ScrabbleProyect.BinaryTypeTest" time="0.002"/>
  <testcase name="repetition 2 of 20" classname="cl.uchile.dcc.cc3002.ScrabbleProyect.BinaryTypeTest" time="0.0"/>
  <testcase name="repetition 3 of 20" classname="cl.uchile.dcc.cc3002.ScrabbleProyect.BinaryTypeTest" time="0.001"/>
  <testcase name="repetition 4 of 20" classname="cl.uchile.dcc.cc3002.ScrabbleProyect.BinaryTypeTest" time="0.001"/>
  <testcase name="repetition 5 of 20" classname="cl.uchile.dcc.cc3002.ScrabbleProyect.BinaryTypeTest" time="0.001"/>
  <testcase name="repetition 6 of 20" classname="cl.uchile.dcc.cc3002.ScrabbleProyect.BinaryTypeTest" time="0.001"/>
  <testcase name="repetition 7 of 20" classname="cl.uchile.dcc.cc3002.ScrabbleProyect.BinaryTypeTest" time="0.0"/>
  <testcase name="repetition 8 of 20" classname="cl.uchile.dcc.cc3002.ScrabbleProyect.BinaryTypeTest" time="0.0"/>
  <testcase name="repetition 9 of 20" classname="cl.uchile.dcc.cc3002.ScrabbleProyect.BinaryTypeTest" time="0.0"/>
  <testcase name="repetition 10 of 20" classname="cl.uchile.dcc.cc3002.ScrabbleProyect.BinaryTypeTest" time="0.0"/>
  <testcase name="repetition 11 of 20" classname="cl.uchile.dcc.cc3002.ScrabbleProyect.BinaryTypeTest" time="0.001"/>
  <testcase name="repetition 12 of 20" classname="cl.uchile.dcc.cc3002.ScrabbleProyect.BinaryTypeTest" time="0.0"/>
  <testcase name="repetition 13 of 20" classname="cl.uchile.dcc.cc3002.ScrabbleProyect.BinaryTypeTest" time="0.001"/>
  <testcase name="repetition 14 of 20" classname="cl.uchile.dcc.cc3002.ScrabbleProyect.BinaryTypeTest" time="0.002"/>
  <testcase name="repetition 15 of 20" classname="cl.uchile.dcc.cc3002.ScrabbleProyect.BinaryTypeTest" time="0.001"/>
  <testcase name="repetition 16 of 20" classname="cl.uchile.dcc.cc3002.ScrabbleProyect.BinaryTypeTest" time="0.0"/>
  <testcase name="repetition 17 of 20" classname="cl.uchile.dcc.cc3002.ScrabbleProyect.BinaryTypeTest" time="0.001"/>
  <testcase name="repetition 18 of 20" classname="cl.uchile.dcc.cc3002.ScrabbleProyect.BinaryTypeTest" time="0.001"/>
  <testcase name="repetition 19 of 20" classname="cl.uchile.dcc.cc3002.ScrabbleProyect.BinaryTypeTest" time="0.001"/>
  <testcase name="repetition 20 of 20" classname="cl.uchile.dcc.cc3002.ScrabbleProyect.BinaryTypeTest" time="0.0"/>
  <testcase name="NegationBinaryTest()" classname="cl.uchile.dcc.cc3002.ScrabbleProyect.BinaryTypeTest" time="0.001"/>
  <testcase name="repetition 1 of 20" classname="cl.uchile.dcc.cc3002.ScrabbleProyect.BinaryTypeTest" time="0.0"/>
  <testcase name="repetition 2 of 20" classname="cl.uchile.dcc.cc3002.ScrabbleProyect.BinaryTypeTest" time="0.005"/>
  <testcase name="repetition 3 of 20" classname="cl.uchile.dcc.cc3002.ScrabbleProyect.BinaryTypeTest" time="0.001"/>
  <testcase name="repetition 4 of 20" classname="cl.uchile.dcc.cc3002.ScrabbleProyect.BinaryTypeTest" time="0.001"/>
  <testcase name="repetition 5 of 20" classname="cl.uchile.dcc.cc3002.ScrabbleProyect.BinaryTypeTest" time="0.001"/>
  <testcase name="repetition 6 of 20" classname="cl.uchile.dcc.cc3002.ScrabbleProyect.BinaryTypeTest" time="0.001"/>
  <testcase name="repetition 7 of 20" classname="cl.uchile.dcc.cc3002.ScrabbleProyect.BinaryTypeTest" time="0.001"/>
  <testcase name="repetition 8 of 20" classname="cl.uchile.dcc.cc3002.ScrabbleProyect.BinaryTypeTest" time="0.0"/>
  <testcase name="repetition 9 of 20" classname="cl.uchile.dcc.cc3002.ScrabbleProyect.BinaryTypeTest" time="0.0"/>
  <testcase name="repetition 10 of 20" classname="cl.uchile.dcc.cc3002.ScrabbleProyect.BinaryTypeTest" time="0.001"/>
  <testcase name="repetition 11 of 20" classname="cl.uchile.dcc.cc3002.ScrabbleProyect.BinaryTypeTest" time="0.0"/>
  <testcase name="repetition 12 of 20" classname="cl.uchile.dcc.cc3002.ScrabbleProyect.BinaryTypeTest" time="0.0"/>
  <testcase name="repetition 13 of 20" classname="cl.uchile.dcc.cc3002.ScrabbleProyect.BinaryTypeTest" time="0.0"/>
  <testcase name="repetition 14 of 20" classname="cl.uchile.dcc.cc3002.ScrabbleProyect.BinaryTypeTest" time="0.001"/>
  <testcase name="repetition 15 of 20" classname="cl.uchile.dcc.cc3002.ScrabbleProyect.BinaryTypeTest" time="0.001"/>
  <testcase name="repetition 16 of 20" classname="cl.uchile.dcc.cc3002.ScrabbleProyect.BinaryTypeTest" time="0.001"/>
  <testcase name="repetition 17 of 20" classname="cl.uchile.dcc.cc3002.ScrabbleProyect.BinaryTypeTest" time="0.0"/>
  <testcase name="repetition 18 of 20" classname="cl.uchile.dcc.cc3002.ScrabbleProyect.BinaryTypeTest" time="0.001"/>
  <testcase name="repetition 19 of 20" classname="cl.uchile.dcc.cc3002.ScrabbleProyect.BinaryTypeTest" time="0.001"/>
  <testcase name="repetition 20 of 20" classname="cl.uchile.dcc.cc3002.ScrabbleProyect.BinaryTypeTest" time="0.001"/>
  <testcase name="repetition 1 of 20" classname="cl.uchile.dcc.cc3002.ScrabbleProyect.BinaryTypeTest" time="0.0"/>
  <testcase name="repetition 2 of 20" classname="cl.uchile.dcc.cc3002.ScrabbleProyect.BinaryTypeTest" time="0.001"/>
  <testcase name="repetition 3 of 20" classname="cl.uchile.dcc.cc3002.ScrabbleProyect.BinaryTypeTest" time="0.0"/>
  <testcase name="repetition 4 of 20" classname="cl.uchile.dcc.cc3002.ScrabbleProyect.BinaryTypeTest" time="0.001"/>
  <testcase name="repetition 5 of 20" classname="cl.uchile.dcc.cc3002.ScrabbleProyect.BinaryTypeTest" time="0.001"/>
  <testcase name="repetition 6 of 20" classname="cl.uchile.dcc.cc3002.ScrabbleProyect.BinaryTypeTest" time="0.001"/>
  <testcase name="repetition 7 of 20" classname="cl.uchile.dcc.cc3002.ScrabbleProyect.BinaryTypeTest" time="0.0"/>
  <testcase name="repetition 8 of 20" classname="cl.uchile.dcc.cc3002.ScrabbleProyect.BinaryTypeTest" time="0.0"/>
  <testcase name="repetition 9 of 20" classname="cl.uchile.dcc.cc3002.ScrabbleProyect.BinaryTypeTest" time="0.001"/>
  <testcase name="repetition 10 of 20" classname="cl.uchile.dcc.cc3002.ScrabbleProyect.BinaryTypeTest" time="0.001"/>
  <testcase name="repetition 11 of 20" classname="cl.uchile.dcc.cc3002.ScrabbleProyect.BinaryTypeTest" time="0.001"/>
  <testcase name="repetition 12 of 20" classname="cl.uchile.dcc.cc3002.ScrabbleProyect.BinaryTypeTest" time="0.001"/>
  <testcase name="repetition 13 of 20" classname="cl.uchile.dcc.cc3002.ScrabbleProyect.BinaryTypeTest" time="0.001"/>
  <testcase name="repetition 14 of 20" classname="cl.uchile.dcc.cc3002.ScrabbleProyect.BinaryTypeTest" time="0.001"/>
  <testcase name="repetition 15 of 20" classname="cl.uchile.dcc.cc3002.ScrabbleProyect.BinaryTypeTest" time="0.001"/>
  <testcase name="repetition 16 of 20" classname="cl.uchile.dcc.cc3002.ScrabbleProyect.BinaryTypeTest" time="0.002"/>
  <testcase name="repetition 17 of 20" classname="cl.uchile.dcc.cc3002.ScrabbleProyect.BinaryTypeTest" time="0.001"/>
  <testcase name="repetition 18 of 20" classname="cl.uchile.dcc.cc3002.ScrabbleProyect.BinaryTypeTest" time="0.0"/>
  <testcase name="repetition 19 of 20" classname="cl.uchile.dcc.cc3002.ScrabbleProyect.BinaryTypeTest" time="0.0"/>
  <testcase name="repetition 20 of 20" classname="cl.uchile.dcc.cc3002.ScrabbleProyect.BinaryTypeTest" time="0.0"/>
  <testcase name="repetition 1 of 20" classname="cl.uchile.dcc.cc3002.ScrabbleProyect.BinaryTypeTest" time="0.001"/>
  <testcase name="repetition 2 of 20" classname="cl.uchile.dcc.cc3002.ScrabbleProyect.BinaryTypeTest" time="0.0"/>
  <testcase name="repetition 3 of 20" classname="cl.uchile.dcc.cc3002.ScrabbleProyect.BinaryTypeTest" time="0.0"/>
  <testcase name="repetition 4 of 20" classname="cl.uchile.dcc.cc3002.ScrabbleProyect.BinaryTypeTest" time="0.0"/>
  <testcase name="repetition 5 of 20" classname="cl.uchile.dcc.cc3002.ScrabbleProyect.BinaryTypeTest" time="0.001"/>
  <testcase name="repetition 6 of 20" classname="cl.uchile.dcc.cc3002.ScrabbleProyect.BinaryTypeTest" time="0.0"/>
  <testcase name="repetition 7 of 20" classname="cl.uchile.dcc.cc3002.ScrabbleProyect.BinaryTypeTest" time="0.0"/>
  <testcase name="repetition 8 of 20" classname="cl.uchile.dcc.cc3002.ScrabbleProyect.BinaryTypeTest" time="0.0"/>
  <testcase name="repetition 9 of 20" classname="cl.uchile.dcc.cc3002.ScrabbleProyect.BinaryTypeTest" time="0.001"/>
  <testcase name="repetition 10 of 20" classname="cl.uchile.dcc.cc3002.ScrabbleProyect.BinaryTypeTest" time="0.001"/>
  <testcase name="repetition 11 of 20" classname="cl.uchile.dcc.cc3002.ScrabbleProyect.BinaryTypeTest" time="0.0"/>
  <testcase name="repetition 12 of 20" classname="cl.uchile.dcc.cc3002.ScrabbleProyect.BinaryTypeTest" time="0.0"/>
  <testcase name="repetition 13 of 20" classname="cl.uchile.dcc.cc3002.ScrabbleProyect.BinaryTypeTest" time="0.0"/>
  <testcase name="repetition 14 of 20" classname="cl.uchile.dcc.cc3002.ScrabbleProyect.BinaryTypeTest" time="0.001"/>
  <testcase name="repetition 15 of 20" classname="cl.uchile.dcc.cc3002.ScrabbleProyect.BinaryTypeTest" time="0.001"/>
  <testcase name="repetition 16 of 20" classname="cl.uchile.dcc.cc3002.ScrabbleProyect.BinaryTypeTest" time="0.001"/>
  <testcase name="repetition 17 of 20" classname="cl.uchile.dcc.cc3002.ScrabbleProyect.BinaryTypeTest" time="0.0"/>
  <testcase name="repetition 18 of 20" classname="cl.uchile.dcc.cc3002.ScrabbleProyect.BinaryTypeTest" time="0.001"/>
  <testcase name="repetition 19 of 20" classname="cl.uchile.dcc.cc3002.ScrabbleProyect.BinaryTypeTest" time="0.0"/>
  <testcase name="repetition 20 of 20" classname="cl.uchile.dcc.cc3002.ScrabbleProyect.BinaryTypeTest" time="0.0"/>
  <system-out><![CDATA[]]></system-out>
  <system-err><![CDATA[]]></system-err>
</testsuite>
